{"/Users/vjv/Fontys/sm6/Individual/kwetter/src/accounts/src/app.js": {"path":"/Users/vjv/Fontys/sm6/Individual/kwetter/src/accounts/src/app.js","statementMap":{"0":{"start":{"line":1,"column":16},"end":{"line":1,"column":34}},"1":{"start":{"line":2,"column":19},"end":{"line":2,"column":41}},"2":{"start":{"line":4,"column":25},"end":{"line":4,"column":49}},"3":{"start":{"line":5,"column":29},"end":{"line":5,"column":57}},"4":{"start":{"line":7,"column":18},"end":{"line":20,"column":1}},"5":{"start":{"line":8,"column":16},"end":{"line":8,"column":25}},"6":{"start":{"line":9,"column":4},"end":{"line":9,"column":32}},"7":{"start":{"line":11,"column":23},"end":{"line":11,"column":45}},"8":{"start":{"line":12,"column":27},"end":{"line":12,"column":74}},"9":{"start":{"line":14,"column":4},"end":{"line":14,"column":31}},"10":{"start":{"line":16,"column":4},"end":{"line":16,"column":24}},"11":{"start":{"line":17,"column":4},"end":{"line":17,"column":28}},"12":{"start":{"line":19,"column":4},"end":{"line":19,"column":15}},"13":{"start":{"line":22,"column":0},"end":{"line":22,"column":26}}},"fnMap":{"0":{"name":"(anonymous_0)","decl":{"start":{"line":7,"column":18},"end":{"line":7,"column":19}},"loc":{"start":{"line":7,"column":49},"end":{"line":20,"column":1}},"line":7}},"branchMap":{},"s":{"0":2,"1":2,"2":2,"3":2,"4":2,"5":2,"6":2,"7":2,"8":2,"9":2,"10":2,"11":2,"12":2,"13":2},"f":{"0":2},"b":{},"_coverageSchema":"1a1c01bbd47fc00a2c39e90264f33305004495a9","hash":"43df02e4dfb3147919ff3239bb8cabd9ac643ca1"}
,"/Users/vjv/Fontys/sm6/Individual/kwetter/src/accounts/src/routes/accounts.js": {"path":"/Users/vjv/Fontys/sm6/Individual/kwetter/src/accounts/src/routes/accounts.js","statementMap":{"0":{"start":{"line":1,"column":16},"end":{"line":1,"column":34}},"1":{"start":{"line":3,"column":29},"end":{"line":66,"column":1}},"2":{"start":{"line":4,"column":19},"end":{"line":4,"column":35}},"3":{"start":{"line":6,"column":4},"end":{"line":31,"column":7}},"4":{"start":{"line":7,"column":39},"end":{"line":7,"column":47}},"5":{"start":{"line":9,"column":8},"end":{"line":9,"column":79}},"6":{"start":{"line":9,"column":18},"end":{"line":9,"column":79}},"7":{"start":{"line":10,"column":8},"end":{"line":10,"column":79}},"8":{"start":{"line":10,"column":20},"end":{"line":10,"column":79}},"9":{"start":{"line":11,"column":8},"end":{"line":11,"column":85}},"10":{"start":{"line":11,"column":23},"end":{"line":11,"column":85}},"11":{"start":{"line":13,"column":8},"end":{"line":13,"column":51}},"12":{"start":{"line":13,"column":18},"end":{"line":13,"column":51}},"13":{"start":{"line":15,"column":8},"end":{"line":30,"column":9}},"14":{"start":{"line":16,"column":26},"end":{"line":16,"column":34}},"15":{"start":{"line":18,"column":12},"end":{"line":18,"column":70}},"16":{"start":{"line":20,"column":28},"end":{"line":20,"column":57}},"17":{"start":{"line":22,"column":12},"end":{"line":25,"column":13}},"18":{"start":{"line":23,"column":29},"end":{"line":23,"column":52}},"19":{"start":{"line":24,"column":16},"end":{"line":24,"column":54}},"20":{"start":{"line":27,"column":12},"end":{"line":27,"column":44}},"21":{"start":{"line":29,"column":12},"end":{"line":29,"column":42}},"22":{"start":{"line":33,"column":4},"end":{"line":47,"column":7}},"23":{"start":{"line":34,"column":22},"end":{"line":34,"column":32}},"24":{"start":{"line":36,"column":8},"end":{"line":36,"column":79}},"25":{"start":{"line":36,"column":18},"end":{"line":36,"column":79}},"26":{"start":{"line":38,"column":8},"end":{"line":38,"column":51}},"27":{"start":{"line":38,"column":18},"end":{"line":38,"column":51}},"28":{"start":{"line":40,"column":8},"end":{"line":46,"column":9}},"29":{"start":{"line":41,"column":28},"end":{"line":41,"column":63}},"30":{"start":{"line":43,"column":12},"end":{"line":43,"column":44}},"31":{"start":{"line":45,"column":12},"end":{"line":45,"column":42}},"32":{"start":{"line":49,"column":4},"end":{"line":63,"column":6}},"33":{"start":{"line":50,"column":27},"end":{"line":50,"column":35}},"34":{"start":{"line":52,"column":8},"end":{"line":52,"column":85}},"35":{"start":{"line":52,"column":23},"end":{"line":52,"column":85}},"36":{"start":{"line":54,"column":8},"end":{"line":62,"column":9}},"37":{"start":{"line":55,"column":38},"end":{"line":55,"column":85}},"38":{"start":{"line":57,"column":12},"end":{"line":57,"column":100}},"39":{"start":{"line":57,"column":36},"end":{"line":57,"column":100}},"40":{"start":{"line":59,"column":12},"end":{"line":59,"column":32}},"41":{"start":{"line":61,"column":12},"end":{"line":61,"column":42}},"42":{"start":{"line":65,"column":4},"end":{"line":65,"column":18}},"43":{"start":{"line":68,"column":0},"end":{"line":68,"column":38}}},"fnMap":{"0":{"name":"(anonymous_0)","decl":{"start":{"line":3,"column":29},"end":{"line":3,"column":30}},"loc":{"start":{"line":3,"column":60},"end":{"line":66,"column":1}},"line":3},"1":{"name":"(anonymous_1)","decl":{"start":{"line":6,"column":29},"end":{"line":6,"column":30}},"loc":{"start":{"line":6,"column":49},"end":{"line":31,"column":5}},"line":6},"2":{"name":"(anonymous_2)","decl":{"start":{"line":33,"column":33},"end":{"line":33,"column":34}},"loc":{"start":{"line":33,"column":53},"end":{"line":47,"column":5}},"line":33},"3":{"name":"(anonymous_3)","decl":{"start":{"line":49,"column":44},"end":{"line":49,"column":45}},"loc":{"start":{"line":49,"column":64},"end":{"line":63,"column":5}},"line":49}},"branchMap":{"0":{"loc":{"start":{"line":9,"column":8},"end":{"line":9,"column":79}},"type":"if","locations":[{"start":{"line":9,"column":8},"end":{"line":9,"column":79}},{"start":{},"end":{}}],"line":9},"1":{"loc":{"start":{"line":10,"column":8},"end":{"line":10,"column":79}},"type":"if","locations":[{"start":{"line":10,"column":8},"end":{"line":10,"column":79}},{"start":{},"end":{}}],"line":10},"2":{"loc":{"start":{"line":11,"column":8},"end":{"line":11,"column":85}},"type":"if","locations":[{"start":{"line":11,"column":8},"end":{"line":11,"column":85}},{"start":{},"end":{}}],"line":11},"3":{"loc":{"start":{"line":13,"column":8},"end":{"line":13,"column":51}},"type":"if","locations":[{"start":{"line":13,"column":8},"end":{"line":13,"column":51}},{"start":{},"end":{}}],"line":13},"4":{"loc":{"start":{"line":22,"column":12},"end":{"line":25,"column":13}},"type":"if","locations":[{"start":{"line":22,"column":12},"end":{"line":25,"column":13}},{"start":{},"end":{}}],"line":22},"5":{"loc":{"start":{"line":36,"column":8},"end":{"line":36,"column":79}},"type":"if","locations":[{"start":{"line":36,"column":8},"end":{"line":36,"column":79}},{"start":{},"end":{}}],"line":36},"6":{"loc":{"start":{"line":38,"column":8},"end":{"line":38,"column":51}},"type":"if","locations":[{"start":{"line":38,"column":8},"end":{"line":38,"column":51}},{"start":{},"end":{}}],"line":38},"7":{"loc":{"start":{"line":52,"column":8},"end":{"line":52,"column":85}},"type":"if","locations":[{"start":{"line":52,"column":8},"end":{"line":52,"column":85}},{"start":{},"end":{}}],"line":52},"8":{"loc":{"start":{"line":57,"column":12},"end":{"line":57,"column":100}},"type":"if","locations":[{"start":{"line":57,"column":12},"end":{"line":57,"column":100}},{"start":{},"end":{}}],"line":57}},"s":{"0":2,"1":2,"2":2,"3":2,"4":1,"5":1,"6":0,"7":1,"8":0,"9":1,"10":0,"11":1,"12":1,"13":1,"14":1,"15":1,"16":1,"17":1,"18":1,"19":1,"20":1,"21":0,"22":2,"23":0,"24":0,"25":0,"26":0,"27":0,"28":0,"29":0,"30":0,"31":0,"32":2,"33":0,"34":0,"35":0,"36":0,"37":0,"38":0,"39":0,"40":0,"41":0,"42":2,"43":2},"f":{"0":2,"1":1,"2":0,"3":0},"b":{"0":[0,1],"1":[0,1],"2":[0,1],"3":[1,0],"4":[1,0],"5":[0,0],"6":[0,0],"7":[0,0],"8":[0,0]},"_coverageSchema":"1a1c01bbd47fc00a2c39e90264f33305004495a9","hash":"9f1b2c97ddd989bee8eebfd209ca0256f352c0bc"}
,"/Users/vjv/Fontys/sm6/Individual/kwetter/src/accounts/src/routes/auth.js": {"path":"/Users/vjv/Fontys/sm6/Individual/kwetter/src/accounts/src/routes/auth.js","statementMap":{"0":{"start":{"line":1,"column":16},"end":{"line":1,"column":34}},"1":{"start":{"line":3,"column":25},"end":{"line":63,"column":1}},"2":{"start":{"line":4,"column":19},"end":{"line":4,"column":35}},"3":{"start":{"line":6,"column":4},"end":{"line":32,"column":7}},"4":{"start":{"line":7,"column":34},"end":{"line":7,"column":42}},"5":{"start":{"line":9,"column":8},"end":{"line":9,"column":79}},"6":{"start":{"line":9,"column":20},"end":{"line":9,"column":79}},"7":{"start":{"line":10,"column":8},"end":{"line":10,"column":85}},"8":{"start":{"line":10,"column":23},"end":{"line":10,"column":85}},"9":{"start":{"line":12,"column":8},"end":{"line":31,"column":9}},"10":{"start":{"line":13,"column":24},"end":{"line":13,"column":64}},"11":{"start":{"line":15,"column":12},"end":{"line":15,"column":40}},"12":{"start":{"line":17,"column":12},"end":{"line":30,"column":13}},"13":{"start":{"line":19,"column":20},"end":{"line":19,"column":74}},"14":{"start":{"line":20,"column":20},"end":{"line":20,"column":26}},"15":{"start":{"line":22,"column":20},"end":{"line":22,"column":93}},"16":{"start":{"line":23,"column":20},"end":{"line":23,"column":26}},"17":{"start":{"line":25,"column":20},"end":{"line":25,"column":68}},"18":{"start":{"line":26,"column":20},"end":{"line":26,"column":26}},"19":{"start":{"line":28,"column":20},"end":{"line":28,"column":50}},"20":{"start":{"line":29,"column":20},"end":{"line":29,"column":26}},"21":{"start":{"line":34,"column":4},"end":{"line":60,"column":7}},"22":{"start":{"line":35,"column":34},"end":{"line":35,"column":42}},"23":{"start":{"line":37,"column":8},"end":{"line":37,"column":79}},"24":{"start":{"line":37,"column":20},"end":{"line":37,"column":79}},"25":{"start":{"line":38,"column":8},"end":{"line":38,"column":85}},"26":{"start":{"line":38,"column":23},"end":{"line":38,"column":85}},"27":{"start":{"line":40,"column":8},"end":{"line":59,"column":9}},"28":{"start":{"line":41,"column":24},"end":{"line":41,"column":68}},"29":{"start":{"line":43,"column":12},"end":{"line":43,"column":40}},"30":{"start":{"line":45,"column":12},"end":{"line":58,"column":13}},"31":{"start":{"line":47,"column":20},"end":{"line":47,"column":68}},"32":{"start":{"line":48,"column":20},"end":{"line":48,"column":26}},"33":{"start":{"line":50,"column":20},"end":{"line":50,"column":69}},"34":{"start":{"line":51,"column":20},"end":{"line":51,"column":26}},"35":{"start":{"line":53,"column":20},"end":{"line":53,"column":69}},"36":{"start":{"line":54,"column":20},"end":{"line":54,"column":26}},"37":{"start":{"line":56,"column":20},"end":{"line":56,"column":50}},"38":{"start":{"line":57,"column":20},"end":{"line":57,"column":26}},"39":{"start":{"line":62,"column":4},"end":{"line":62,"column":18}},"40":{"start":{"line":65,"column":0},"end":{"line":65,"column":34}}},"fnMap":{"0":{"name":"(anonymous_0)","decl":{"start":{"line":3,"column":25},"end":{"line":3,"column":26}},"loc":{"start":{"line":3,"column":35},"end":{"line":63,"column":1}},"line":3},"1":{"name":"(anonymous_1)","decl":{"start":{"line":6,"column":34},"end":{"line":6,"column":35}},"loc":{"start":{"line":6,"column":54},"end":{"line":32,"column":5}},"line":6},"2":{"name":"(anonymous_2)","decl":{"start":{"line":34,"column":38},"end":{"line":34,"column":39}},"loc":{"start":{"line":34,"column":58},"end":{"line":60,"column":5}},"line":34}},"branchMap":{"0":{"loc":{"start":{"line":9,"column":8},"end":{"line":9,"column":79}},"type":"if","locations":[{"start":{"line":9,"column":8},"end":{"line":9,"column":79}},{"start":{},"end":{}}],"line":9},"1":{"loc":{"start":{"line":10,"column":8},"end":{"line":10,"column":85}},"type":"if","locations":[{"start":{"line":10,"column":8},"end":{"line":10,"column":85}},{"start":{},"end":{}}],"line":10},"2":{"loc":{"start":{"line":17,"column":12},"end":{"line":30,"column":13}},"type":"switch","locations":[{"start":{"line":18,"column":16},"end":{"line":20,"column":26}},{"start":{"line":21,"column":16},"end":{"line":23,"column":26}},{"start":{"line":24,"column":16},"end":{"line":26,"column":26}},{"start":{"line":27,"column":16},"end":{"line":29,"column":26}}],"line":17},"3":{"loc":{"start":{"line":37,"column":8},"end":{"line":37,"column":79}},"type":"if","locations":[{"start":{"line":37,"column":8},"end":{"line":37,"column":79}},{"start":{},"end":{}}],"line":37},"4":{"loc":{"start":{"line":38,"column":8},"end":{"line":38,"column":85}},"type":"if","locations":[{"start":{"line":38,"column":8},"end":{"line":38,"column":85}},{"start":{},"end":{}}],"line":38},"5":{"loc":{"start":{"line":45,"column":12},"end":{"line":58,"column":13}},"type":"switch","locations":[{"start":{"line":46,"column":16},"end":{"line":48,"column":26}},{"start":{"line":49,"column":16},"end":{"line":51,"column":26}},{"start":{"line":52,"column":16},"end":{"line":54,"column":26}},{"start":{"line":55,"column":16},"end":{"line":57,"column":26}}],"line":45}},"s":{"0":2,"1":2,"2":2,"3":2,"4":7,"5":7,"6":2,"7":5,"8":1,"9":4,"10":4,"11":4,"12":0,"13":0,"14":0,"15":0,"16":0,"17":0,"18":0,"19":0,"20":0,"21":2,"22":7,"23":7,"24":2,"25":5,"26":1,"27":4,"28":4,"29":4,"30":0,"31":0,"32":0,"33":0,"34":0,"35":0,"36":0,"37":0,"38":0,"39":2,"40":2},"f":{"0":2,"1":7,"2":7},"b":{"0":[2,5],"1":[1,4],"2":[0,0,0,0],"3":[2,5],"4":[1,4],"5":[0,0,0,0]},"_coverageSchema":"1a1c01bbd47fc00a2c39e90264f33305004495a9","hash":"7b7f9156ac2a66f3073b57427a0033550063e7d3"}
,"/Users/vjv/Fontys/sm6/Individual/kwetter/src/accounts/src/test/mocks.js": {"path":"/Users/vjv/Fontys/sm6/Individual/kwetter/src/accounts/src/test/mocks.js","statementMap":{"0":{"start":{"line":1,"column":29},"end":{"line":1,"column":53}},"1":{"start":{"line":3,"column":28},"end":{"line":3,"column":45}},"2":{"start":{"line":4,"column":23},"end":{"line":4,"column":40}},"3":{"start":{"line":5,"column":21},"end":{"line":5,"column":38}},"4":{"start":{"line":6,"column":25},"end":{"line":6,"column":42}},"5":{"start":{"line":8,"column":22},"end":{"line":8,"column":39}},"6":{"start":{"line":9,"column":24},"end":{"line":9,"column":41}},"7":{"start":{"line":10,"column":31},"end":{"line":10,"column":48}},"8":{"start":{"line":12,"column":30},"end":{"line":12,"column":47}},"9":{"start":{"line":13,"column":18},"end":{"line":13,"column":35}},"10":{"start":{"line":15,"column":13},"end":{"line":20,"column":1}},"11":{"start":{"line":22,"column":17},"end":{"line":26,"column":1}},"12":{"start":{"line":28,"column":18},"end":{"line":31,"column":1}},"13":{"start":{"line":33,"column":0},"end":{"line":37,"column":2}}},"fnMap":{},"branchMap":{},"s":{"0":2,"1":2,"2":2,"3":2,"4":2,"5":2,"6":2,"7":2,"8":2,"9":2,"10":2,"11":2,"12":2,"13":2},"f":{},"b":{},"_coverageSchema":"1a1c01bbd47fc00a2c39e90264f33305004495a9","hash":"9e3eb35f9ce3371a4b17727f9ec701ff7d83239f"}
}
