TN:
SF:src/app.js
FN:7,(anonymous_0)
FNF:1
FNH:1
FNDA:2,(anonymous_0)
DA:1,2
DA:2,2
DA:4,2
DA:5,2
DA:7,2
DA:8,2
DA:9,2
DA:11,2
DA:12,2
DA:14,2
DA:16,2
DA:17,2
DA:19,2
DA:22,2
LF:14
LH:14
BRF:0
BRH:0
end_of_record
TN:
SF:src/routes/accounts.js
FN:3,(anonymous_0)
FN:6,(anonymous_1)
FN:33,(anonymous_2)
FN:49,(anonymous_3)
FNF:4
FNH:2
FNDA:2,(anonymous_0)
FNDA:1,(anonymous_1)
FNDA:0,(anonymous_2)
FNDA:0,(anonymous_3)
DA:1,2
DA:3,2
DA:4,2
DA:6,2
DA:7,1
DA:9,1
DA:10,1
DA:11,1
DA:13,1
DA:15,1
DA:16,1
DA:18,1
DA:20,1
DA:22,1
DA:23,1
DA:24,1
DA:27,1
DA:29,0
DA:33,2
DA:34,0
DA:36,0
DA:38,0
DA:40,0
DA:41,0
DA:43,0
DA:45,0
DA:49,2
DA:50,0
DA:52,0
DA:54,0
DA:55,0
DA:57,0
DA:59,0
DA:61,0
DA:65,2
DA:68,2
LF:36
LH:21
BRDA:9,0,0,0
BRDA:9,0,1,1
BRDA:10,1,0,0
BRDA:10,1,1,1
BRDA:11,2,0,0
BRDA:11,2,1,1
BRDA:13,3,0,1
BRDA:13,3,1,0
BRDA:22,4,0,1
BRDA:22,4,1,0
BRDA:36,5,0,0
BRDA:36,5,1,0
BRDA:38,6,0,0
BRDA:38,6,1,0
BRDA:52,7,0,0
BRDA:52,7,1,0
BRDA:57,8,0,0
BRDA:57,8,1,0
BRF:18
BRH:5
end_of_record
TN:
SF:src/routes/auth.js
FN:3,(anonymous_0)
FN:6,(anonymous_1)
FN:34,(anonymous_2)
FNF:3
FNH:3
FNDA:2,(anonymous_0)
FNDA:7,(anonymous_1)
FNDA:7,(anonymous_2)
DA:1,2
DA:3,2
DA:4,2
DA:6,2
DA:7,7
DA:9,7
DA:10,5
DA:12,4
DA:13,4
DA:15,4
DA:17,0
DA:19,0
DA:20,0
DA:22,0
DA:23,0
DA:25,0
DA:26,0
DA:28,0
DA:29,0
DA:34,2
DA:35,7
DA:37,7
DA:38,5
DA:40,4
DA:41,4
DA:43,4
DA:45,0
DA:47,0
DA:48,0
DA:50,0
DA:51,0
DA:53,0
DA:54,0
DA:56,0
DA:57,0
DA:62,2
DA:65,2
LF:37
LH:19
BRDA:9,0,0,2
BRDA:9,0,1,5
BRDA:10,1,0,1
BRDA:10,1,1,4
BRDA:17,2,0,0
BRDA:17,2,1,0
BRDA:17,2,2,0
BRDA:17,2,3,0
BRDA:37,3,0,2
BRDA:37,3,1,5
BRDA:38,4,0,1
BRDA:38,4,1,4
BRDA:45,5,0,0
BRDA:45,5,1,0
BRDA:45,5,2,0
BRDA:45,5,3,0
BRF:16
BRH:8
end_of_record
TN:
SF:src/test/mocks.js
FNF:0
FNH:0
DA:1,2
DA:3,2
DA:4,2
DA:5,2
DA:6,2
DA:8,2
DA:9,2
DA:10,2
DA:12,2
DA:13,2
DA:15,2
DA:22,2
DA:28,2
DA:33,2
LF:14
LH:14
BRF:0
BRH:0
end_of_record
