TN:
SF:src/app.js
FN:7,(anonymous_0)
FNF:1
FNH:1
FNDA:2,(anonymous_0)
DA:1,2
DA:2,2
DA:4,2
DA:5,2
DA:7,2
DA:8,2
DA:9,2
DA:11,2
DA:12,2
DA:14,2
DA:16,2
DA:17,2
DA:19,2
DA:22,2
LF:14
LH:14
BRF:0
BRH:0
end_of_record
TN:
SF:src/routes/accounts.js
FN:3,(anonymous_0)
FN:6,(anonymous_1)
FN:29,(anonymous_2)
FN:43,(anonymous_3)
FNF:4
FNH:2
FNDA:2,(anonymous_0)
FNDA:1,(anonymous_1)
FNDA:0,(anonymous_2)
FNDA:0,(anonymous_3)
DA:1,2
DA:3,2
DA:4,2
DA:6,2
DA:7,1
DA:9,1
DA:11,1
DA:12,1
DA:14,1
DA:16,1
DA:18,1
DA:19,1
DA:20,1
DA:23,1
DA:25,0
DA:29,2
DA:30,0
DA:32,0
DA:34,0
DA:35,0
DA:37,0
DA:39,0
DA:43,2
DA:44,0
DA:46,0
DA:47,0
DA:49,0
DA:51,0
DA:53,0
DA:57,2
DA:60,2
LF:31
LH:18
BRDA:9,0,0,1
BRDA:9,0,1,0
BRDA:18,1,0,1
BRDA:18,1,1,0
BRDA:32,2,0,0
BRDA:32,2,1,0
BRDA:49,3,0,0
BRDA:49,3,1,0
BRF:8
BRH:2
end_of_record
TN:
SF:src/routes/auth.js
FN:3,(anonymous_0)
FN:6,(anonymous_1)
FN:31,(anonymous_2)
FNF:3
FNH:3
FNDA:2,(anonymous_0)
FNDA:7,(anonymous_1)
FNDA:7,(anonymous_2)
DA:1,2
DA:3,2
DA:4,2
DA:6,2
DA:7,7
DA:9,7
DA:10,5
DA:12,4
DA:13,4
DA:15,4
DA:17,0
DA:19,0
DA:20,0
DA:22,0
DA:23,0
DA:25,0
DA:26,0
DA:31,2
DA:32,7
DA:34,7
DA:35,5
DA:37,4
DA:38,4
DA:40,4
DA:42,0
DA:46,2
DA:49,2
LF:27
LH:19
BRDA:9,0,0,2
BRDA:9,0,1,5
BRDA:10,1,0,1
BRDA:10,1,1,4
BRDA:17,2,0,0
BRDA:17,2,1,0
BRDA:17,2,2,0
BRDA:34,3,0,2
BRDA:34,3,1,5
BRDA:35,4,0,1
BRDA:35,4,1,4
BRF:11
BRH:8
end_of_record
TN:
SF:src/test/mocks.js
FNF:0
FNH:0
DA:1,2
DA:3,2
DA:4,2
DA:5,2
DA:6,2
DA:8,2
DA:9,2
DA:10,2
DA:12,2
DA:13,2
DA:15,2
DA:22,2
DA:28,2
DA:33,2
LF:14
LH:14
BRF:0
BRH:0
end_of_record
